<?xml version="1.0" encoding="UTF-8"?>
<testsuite xmlns:xsi="http://www.w3.org/2001/XMLSchema-instance" xsi:noNamespaceSchemaLocation="https://maven.apache.org/surefire/maven-surefire-plugin/xsd/surefire-test-report-3.0.xsd" version="3.0" name="kuzmich.dao.BookDaoTest" time="2.914" tests="6" errors="0" skipped="0" failures="0">
  <properties>
[...]
</properties>
  <testcase name="getInstance" classname="kuzmich.dao.BookDaoTest" time="0.003"/>
  <testcase name="delete" classname="kuzmich.dao.BookDaoTest" time="0.012"/>
  <testcase name="findAll" classname="kuzmich.dao.BookDaoTest" time="0.009"/>
  <testcase name="update" classname="kuzmich.dao.BookDaoTest" time="0.007"/>
  <testcase name="findById" classname="kuzmich.dao.BookDaoTest" time="0.006"/>
  <testcase name="save" classname="kuzmich.dao.BookDaoTest" time="0.003"/>
</testsuite>